<?xml version="1.0" encoding="UTF-8"?>
<!-- Generated by org.testng.reporters.JUnitReportReporter -->
<testsuite hostname="LAPTOP-ABELARDO" failures="0" tests="2" name="automation.BurgerMenuTests" time="15.003" errors="0" timestamp="2024-04-24T08:44:51 PET" skipped="0">
  <testcase classname="automation.BurgerMenuTests" name="aboutButtonTest" time="5.755"/>
  <testcase classname="automation.BurgerMenuTests" name="logoutTest" time="9.248"/>
</testsuite> <!-- automation.BurgerMenuTests -->
