<?xml version="1.0" encoding="UTF-8"?>
<!-- Generated by org.testng.reporters.JUnitReportReporter -->
<testsuite hostname="LAPTOP-ABELARDO" failures="0" tests="2" name="automation.ItemDetailTests" time="10.986" errors="0" timestamp="2024-04-24T08:44:51 PET" skipped="0">
  <testcase classname="automation.ItemDetailTests" name="backToProductsTest" time="5.564"/>
  <testcase classname="automation.ItemDetailTests" name="itemDetailTest" time="5.422"/>
</testsuite> <!-- automation.ItemDetailTests -->
