<?xml version="1.0" encoding="UTF-8"?>
<!-- Generated by org.testng.reporters.JUnitReportReporter -->
<testsuite hostname="LAPTOP-ABELARDO" failures="0" tests="3" name="automation.LoginTests" time="13.222" errors="0" timestamp="2024-04-24T15:20:39 PET" skipped="0">
  <testcase classname="automation.LoginTests" name="invalidLoginTest" time="4.579"/>
  <testcase classname="automation.LoginTests" name="verifyLoginPageTest" time="4.096"/>
  <testcase classname="automation.LoginTests" name="validLoginTest" time="4.547"/>
</testsuite> <!-- automation.LoginTests -->
