<?xml version="1.0" encoding="UTF-8"?>
<!-- Generated by org.testng.reporters.JUnitReportReporter -->
<testsuite hostname="LAPTOP-ABELARDO" failures="0" tests="2" name="automation.BurgerMenuTests" time="11.925" errors="0" timestamp="2024-04-24T15:20:39 PET" skipped="0">
  <testcase classname="automation.BurgerMenuTests" name="logoutTest" time="5.390"/>
  <testcase classname="automation.BurgerMenuTests" name="aboutButtonTest" time="6.535"/>
</testsuite> <!-- automation.BurgerMenuTests -->
