<?xml version="1.0" encoding="UTF-8"?>
<!-- Generated by org.testng.reporters.JUnitReportReporter -->
<testsuite hostname="LAPTOP-ABELARDO" failures="0" tests="1" name="automation.ShoppingTests" time="4.531" errors="0" timestamp="2024-04-24T15:20:39 PET" skipped="0">
  <testcase classname="automation.ShoppingTests" name="verifyPageTest" time="4.531"/>
</testsuite> <!-- automation.ShoppingTests -->
