<?xml version="1.0" encoding="UTF-8"?>
<!-- Generated by org.testng.reporters.JUnitReportReporter -->
<testsuite hostname="LAPTOP-ABELARDO" failures="0" tests="2" name="automation.ItemDetailTests" time="9.719" errors="0" timestamp="2024-04-24T15:20:39 PET" skipped="0">
  <testcase classname="automation.ItemDetailTests" name="backToProductsTest" time="4.907"/>
  <testcase classname="automation.ItemDetailTests" name="itemDetailTest" time="4.812"/>
</testsuite> <!-- automation.ItemDetailTests -->
