<?xml version="1.0" encoding="UTF-8"?>
<!-- Generated by org.testng.reporters.JUnitReportReporter -->
<testsuite hostname="LAPTOP-ABELARDO" failures="0" tests="3" name="automation.LoginTests" time="15.146" errors="0" timestamp="2024-04-24T08:44:51 PET" skipped="0">
  <testcase classname="automation.LoginTests" name="invalidLoginTest" time="5.149"/>
  <testcase classname="automation.LoginTests" name="verifyLoginPageTest" time="4.843"/>
  <testcase classname="automation.LoginTests" name="validLoginTest" time="5.154"/>
</testsuite> <!-- automation.LoginTests -->
